{
  "RSpec": {
    "coverage": {
      "/Users/Ben/Dropbox/Dev/Makers/Week4/bookmark_manager/spec/bookmarks_spec.rb": [
        1,
        1,
        null,
        1,
        1,
        null,
        1,
        1,
        1,
        1,
        1,
        1,
        1,
        1,
        1,
        1,
        null,
        null,
        1,
        1,
        1,
        1,
        null,
        null,
        1,
        null,
        null,
        1,
        1,
        1,
        1,
        1,
        null,
        null,
        null
      ],
      "/Users/Ben/Dropbox/Dev/Makers/Week4/bookmark_manager/spec/features/viewing_bookmarks_spec.rb": [
        1,
        null,
        1,
        1,
        1,
        1,
        null,
        null,
        1,
        1,
        1,
        1,
        1,
        1,
        1,
        1,
        null,
        null,
        1,
        1,
        1,
        1,
        1,
        1,
        1,
        null,
        null,
        null,
        null,
        null
      ]
    },
    "timestamp": 1568375037
  }
}
